{
    "success": "Eliminaci\u00f3n ejecutada correctamente",
    "ids": [
        "1007"
    ]
}
{
    "success": "Eliminaci\u00f3n ejecutada correctamente",
    "ids": [
        "1008"
    ]
}
{
    "success": "Eliminaci\u00f3n ejecutada correctamente",
    "ids": [
        "1009",
        "1019"
    ]
}
{
    "success": "Eliminaci\u00f3n ejecutada correctamente",
    "ids": [
        "1010"
    ]
}
{
    "success": "Eliminaci\u00f3n ejecutada correctamente",
    "ids": [
        "1011"
    ]
}
{
    "success": "Eliminaci\u00f3n ejecutada correctamente",
    "ids": [
        "1012"
    ]
}
{
    "success": "Eliminaci\u00f3n ejecutada correctamente",
    "ids": [
        "1013"
    ]
}
{
    "success": "Eliminaci\u00f3n ejecutada correctamente",
    "ids": [
        "1014"
    ]
}
{
    "success": "Eliminaci\u00f3n ejecutada correctamente",
    "ids": [
        "1015"
    ]
}
{
    "success": "Eliminaci\u00f3n ejecutada correctamente",
    "ids": [
        "1016"
    ]
}
{
    "error": "You have an error in your SQL syntax; check the manual that corresponds to your MariaDB server version for the right syntax to use near 'in Asignado IN (1017))' at line 1",
    "ids": [
        "1017"
    ]
}
{
    "error": "You have an error in your SQL syntax; check the manual that corresponds to your MariaDB server version for the right syntax to use near 'in Asignado IN (1017))' at line 1",
    "ids": [
        "1017"
    ]
}
{
    "success": "Eliminaci\u00f3n ejecutada correctamente",
    "ids": [
        "1017"
    ]
}
{
    "success": "Eliminaci\u00f3n ejecutada correctamente",
    "ids": [
        "2"
    ]
}
{
    "success": "Eliminaci\u00f3n ejecutada correctamente",
    "ids": [
        "142586"
    ]
}
{
    "success": "Eliminaci\u00f3n ejecutada correctamente",
    "ids": [
        "142588"
    ]
}
